[debug] [2023-08-04T04:39:29.179Z] ----------------------------------------------------------------------
[debug] [2023-08-04T04:39:29.182Z] Command:       C:\Program Files\nodejs\node.exe C:\Users\fatha\AppData\Roaming\npm\node_modules\firebase-tools\lib\bin\firebase.js init
[debug] [2023-08-04T04:39:29.182Z] CLI Version:   12.4.7
[debug] [2023-08-04T04:39:29.183Z] Platform:      win32
[debug] [2023-08-04T04:39:29.183Z] Node Version:  v18.15.0
[debug] [2023-08-04T04:39:29.184Z] Time:          Fri Aug 04 2023 11:39:29 GMT+0700 (Western Indonesia Time)
[debug] [2023-08-04T04:39:29.184Z] ----------------------------------------------------------------------
[debug] 
[debug] [2023-08-04T04:39:29.257Z] > command requires scopes: ["email","openid","https://www.googleapis.com/auth/cloudplatformprojects.readonly","https://www.googleapis.com/auth/firebase","https://www.googleapis.com/auth/cloud-platform"]
[debug] [2023-08-04T04:39:29.258Z] > authorizing via signed-in user (aldiersalado@gmail.com)
[info] 
     ######## #### ########  ######## ########     ###     ######  ########
     ##        ##  ##     ## ##       ##     ##  ##   ##  ##       ##
     ######    ##  ########  ######   ########  #########  ######  ######
     ##        ##  ##    ##  ##       ##     ## ##     ##       ## ##
     ##       #### ##     ## ######## ########  ##     ##  ######  ########

You're about to initialize a Firebase project in this directory:

  C:\Grader\Final Project\New folder\html-final-project-library-app-v1

Before we get started, keep in mind:

  * You are currently outside your home directory
  * You are initializing within an existing Firebase project directory

[info] 
=== Account Setup
[info] 
[info] Which account do you want to use for this project? Choose an account or add a new one now
[info] 
[debug] [2023-08-04T04:39:39.211Z] setProjectAccount(C:\Grader\Final Project\New folder\html-final-project-library-app-v1, aldiersalado@gmail.com)
[info] 
[info] +  Using account: aldiersalado@gmail.com 
[info] 
=== Project Setup
[info] 
[info] First, let's associate this project directory with a Firebase project.
[info] You can create multiple project aliases by running firebase use --add, 
[info] but for now we'll just set up a default project.
[info] 
[debug] [2023-08-04T04:39:39.224Z] Using project from CLI flag: unsia-library-center
[debug] [2023-08-04T04:39:39.226Z] > refreshing access token with scopes: []
[debug] [2023-08-04T04:39:39.228Z] >>> [apiv2][query] POST https://www.googleapis.com/oauth2/v3/token [none]
[debug] [2023-08-04T04:39:39.228Z] >>> [apiv2][body] POST https://www.googleapis.com/oauth2/v3/token [omitted]
[debug] [2023-08-04T04:39:39.574Z] <<< [apiv2][status] POST https://www.googleapis.com/oauth2/v3/token 200
[debug] [2023-08-04T04:39:39.574Z] <<< [apiv2][body] POST https://www.googleapis.com/oauth2/v3/token [omitted]
[debug] [2023-08-04T04:39:39.578Z] >>> [apiv2][query] GET https://firebase.googleapis.com/v1beta1/projects/unsia-library-center [none]
[debug] [2023-08-04T04:39:40.202Z] <<< [apiv2][status] GET https://firebase.googleapis.com/v1beta1/projects/unsia-library-center 200
[debug] [2023-08-04T04:39:40.202Z] <<< [apiv2][body] GET https://firebase.googleapis.com/v1beta1/projects/unsia-library-center {"projectId":"unsia-library-center","projectNumber":"215096025014","displayName":"UNSIA LIBRARY CENTER","name":"projects/unsia-library-center","resources":{"hostingSite":"unsia-library-center","realtimeDatabaseInstance":"unsia-library-center-default-rtdb"},"state":"ACTIVE","etag":"1_adb267cf-9208-4ef0-a590-60cef4118426"}
[info] i  Using project unsia-library-center (UNSIA LIBRARY CENTER) 
[info] 
=== Hosting Setup
[info] 
[info] Your public directory is the folder (relative to your project directory) that
[info] will contain Hosting assets to be uploaded with firebase deploy. If you
[info] have a build process for your assets, use your build's output directory.
[info] 
